<?xml version="1.0" encoding="UTF-8"?>
<!-- Generated by org.testng.reporters.JUnitXMLReporter -->
<testsuite hostname="admin-PC" name="Test-Runner-2" tests="2" failures="0" timestamp="1 Dec 2019 12:22:04 GMT" time="0.031" errors="0">
  <testcase name="@BeforeTest configBC" time="0.0" classname="com.vtiger.opportunity.SearchOpportunityNameByCharTc_55">
    <failure type="org.testng.TestNGException" message="
Parameter &amp;apos;Browser&amp;apos; is required by @Configuration on method configBC but has not been marked @Optional or defined
in D:\javap\Selenium3.0\testngDistributedParallelExecution1.xml">
      <![CDATA[org.testng.TestNGException: 
Parameter 'Browser' is required by @Configuration on method configBC but has not been marked @Optional or defined
in D:\javap\Selenium3.0\testngDistributedParallelExecution1.xml
... Removed 19 stack frames]]>
    </failure>
  </testcase> <!-- @BeforeTest configBC -->
  <testcase name="@BeforeMethod configBM" time="0.0" classname="com.vtiger.opportunity.SearchOpportunityNameByCharTc_55">
    <skipped/>
  </testcase> <!-- @BeforeMethod configBM -->
  <testcase name="@AfterMethod configAM" time="0.0" classname="com.vtiger.opportunity.SearchOpportunityNameByCharTc_55">
    <skipped/>
  </testcase> <!-- @AfterMethod configAM -->
  <testcase name="@BeforeMethod configBM" time="0.0" classname="com.vtiger.opportunity.SearchOpportunityByEqualsOptionWithValidNameTc_45">
    <skipped/>
  </testcase> <!-- @BeforeMethod configBM -->
  <testcase name="@AfterMethod configAM" time="0.0" classname="com.vtiger.opportunity.SearchOpportunityByEqualsOptionWithValidNameTc_45">
    <skipped/>
  </testcase> <!-- @AfterMethod configAM -->
  <testcase name="@AfterTest configAC" time="0.0" classname="com.vtiger.opportunity.SearchOpportunityNameByCharTc_55">
    <skipped/>
  </testcase> <!-- @AfterTest configAC -->
  <testcase name="SearchOpportunityNameByCharTc_55Test" time="0.0" classname="com.vtiger.opportunity.SearchOpportunityNameByCharTc_55">
    <skipped/>
  </testcase> <!-- SearchOpportunityNameByCharTc_55Test -->
  <testcase name="SearchOpportunityByEqualsOptionWithValidNameTc_45Test" time="0.016" classname="com.vtiger.opportunity.SearchOpportunityByEqualsOptionWithValidNameTc_45">
    <skipped/>
  </testcase> <!-- SearchOpportunityByEqualsOptionWithValidNameTc_45Test -->
</testsuite> <!-- Test-Runner-2 -->
