<?xml version="1.0" encoding="UTF-8"?>
<!-- Generated by org.testng.reporters.JUnitXMLReporter -->
<testsuite hostname="admin-PC" name="Default test" tests="1" failures="0" timestamp="9 Dec 2019 09:03:19 GMT" time="0.109" errors="0">
  <testcase name="@BeforeTest configBC" time="0.0" classname="com.vtiger.opportunity.SearchOpportunityNameByCharTc_55">
    <failure type="org.testng.TestNGException" message="
Parameter &amp;apos;Browser&amp;apos; is required by @Configuration on method configBC but has not been marked @Optional or defined
in C:\Users\admin\AppData\Local\Temp\testng-eclipse--2004803861\testng-customsuite.xml">
      <![CDATA[org.testng.TestNGException: 
Parameter 'Browser' is required by @Configuration on method configBC but has not been marked @Optional or defined
in C:\Users\admin\AppData\Local\Temp\testng-eclipse--2004803861\testng-customsuite.xml
	at org.testng.internal.Parameters.createParameters(Parameters.java:154)
	at org.testng.internal.Parameters.createParameters(Parameters.java:361)
	at org.testng.internal.Parameters.createConfigurationParameters(Parameters.java:84)
	at org.testng.internal.Invoker.invokeConfigurations(Invoker.java:197)
	at org.testng.internal.Invoker.invokeConfigurations(Invoker.java:138)
	at org.testng.TestRunner.beforeRun(TestRunner.java:648)
	at org.testng.TestRunner.run(TestRunner.java:616)
	at org.testng.SuiteRunner.runTest(SuiteRunner.java:359)
	at org.testng.SuiteRunner.runSequentially(SuiteRunner.java:354)
	at org.testng.SuiteRunner.privateRun(SuiteRunner.java:312)
	at org.testng.SuiteRunner.run(SuiteRunner.java:261)
	at org.testng.SuiteRunnerWorker.runSuite(SuiteRunnerWorker.java:52)
	at org.testng.SuiteRunnerWorker.run(SuiteRunnerWorker.java:86)
	at org.testng.TestNG.runSuitesSequentially(TestNG.java:1215)
	at org.testng.TestNG.runSuitesLocally(TestNG.java:1140)
	at org.testng.TestNG.run(TestNG.java:1048)
	at org.testng.remote.AbstractRemoteTestNG.run(AbstractRemoteTestNG.java:114)
	at org.testng.remote.RemoteTestNG.initAndRun(RemoteTestNG.java:251)
	at org.testng.remote.RemoteTestNG.main(RemoteTestNG.java:77)
]]>
    </failure>
  </testcase> <!-- @BeforeTest configBC -->
  <testcase name="@BeforeMethod configBM" time="0.0" classname="com.vtiger.opportunity.SearchOpportunityNameByCharTc_55">
    <skipped/>
  </testcase> <!-- @BeforeMethod configBM -->
  <testcase name="@AfterMethod configAM" time="0.0" classname="com.vtiger.opportunity.SearchOpportunityNameByCharTc_55">
    <skipped/>
  </testcase> <!-- @AfterMethod configAM -->
  <testcase name="@AfterTest configAC" time="0.0" classname="com.vtiger.opportunity.SearchOpportunityNameByCharTc_55">
    <skipped/>
  </testcase> <!-- @AfterTest configAC -->
  <testcase name="SearchOpportunityNameByCharTc_55Test" time="0.031" classname="com.vtiger.opportunity.SearchOpportunityNameByCharTc_55">
    <skipped/>
  </testcase> <!-- SearchOpportunityNameByCharTc_55Test -->
</testsuite> <!-- Default test -->
